<?xml version="1.0" encoding="UTF-8"?>
<testsuite xmlns:xsi="http://www.w3.org/2001/XMLSchema-instance" xsi:noNamespaceSchemaLocation="https://maven.apache.org/surefire/maven-surefire-plugin/xsd/surefire-test-report-3.0.xsd" version="3.0" name="com.apps.quantity_measurement.QuantityMeasurementAppTest" time="0.096" tests="13" errors="0" skipped="0" failures="0">
  <properties>
[...]
</properties>
  <testcase name="testInchesEquality_ConsistentOnRepeatedCalls" classname="com.apps.quantity_measurement.QuantityMeasurementAppTest" time="0.034"/>
  <testcase name="testInchesEquality_Transitive" classname="com.apps.quantity_measurement.QuantityMeasurementAppTest" time="0.001"/>
  <testcase name="testInchesEquality_SameReference" classname="com.apps.quantity_measurement.QuantityMeasurementAppTest" time="0.001"/>
  <testcase name="testFeetEquality_SameReference" classname="com.apps.quantity_measurement.QuantityMeasurementAppTest" time="0.002"/>
  <testcase name="testInchesEquality_DifferentClass" classname="com.apps.quantity_measurement.QuantityMeasurementAppTest" time="0.001"/>
  <testcase name="testInchesEquality_DifferentValue" classname="com.apps.quantity_measurement.QuantityMeasurementAppTest" time="0.001"/>
  <testcase name="testInchesEquality_Symmetric" classname="com.apps.quantity_measurement.QuantityMeasurementAppTest" time="0.001"/>
  <testcase name="testInchesEquality_NullComparison" classname="com.apps.quantity_measurement.QuantityMeasurementAppTest" time="0.003"/>
  <testcase name="testFeetEquality_DifferentClass" classname="com.apps.quantity_measurement.QuantityMeasurementAppTest" time="0.001"/>
  <testcase name="testFeetEquality_DifferentValue" classname="com.apps.quantity_measurement.QuantityMeasurementAppTest" time="0.001"/>
  <testcase name="testFeetEquality_NullComparison" classname="com.apps.quantity_measurement.QuantityMeasurementAppTest" time="0.001"/>
  <testcase name="testInchesEquality_SameValue" classname="com.apps.quantity_measurement.QuantityMeasurementAppTest" time="0.001"/>
  <testcase name="testFeetEquality_SameValue" classname="com.apps.quantity_measurement.QuantityMeasurementAppTest" time="0.001"/>
</testsuite>